<?xml version="1.0" encoding="UTF-8"?>
<testsuite name="com.rk.action.student.StudentServiceImplTest" tests="4" skipped="0" failures="0" errors="0" timestamp="2016-08-25T09:04:32" hostname="IN-HSI10" time="0.004">
  <properties/>
  <testcase name="testRemoveStudentCourses" classname="com.rk.action.student.StudentServiceImplTest" time="0.001"/>
  <testcase name="testDeleteStudent" classname="com.rk.action.student.StudentServiceImplTest" time="0.0"/>
  <testcase name="testAddStudentCourses" classname="com.rk.action.student.StudentServiceImplTest" time="0.001"/>
  <testcase name="testGetAllStudentDetails" classname="com.rk.action.student.StudentServiceImplTest" time="0.0"/>
  <system-out><![CDATA[]]></system-out>
  <system-err><![CDATA[]]></system-err>
</testsuite>
