<?xml version="1.0" encoding="UTF-8"?>
<testsuite name="com.rk.student.dao.CommonTest" tests="1" skipped="0" failures="0" errors="0" timestamp="2016-08-25T09:04:32" hostname="IN-HSI10" time="0.004">
  <properties/>
  <testcase name="test" classname="com.rk.student.dao.CommonTest" time="0.004"/>
  <system-out><![CDATA[Hibernate: insert into COURSE (CID, CCREDITS, CNAME, CTIME, CWEEKNAME) values (default, ?, ?, ?, ?)
Hibernate: insert into COURSE (CID, CCREDITS, CNAME, CTIME, CWEEKNAME) values (default, ?, ?, ?, ?)
Hibernate: insert into STUDENT (SID, SEMAIL, SNAME) values (default, ?, ?)
Hibernate: insert into STUDENT (SID, SEMAIL, SNAME) values (default, ?, ?)
Hibernate: select student0_.SID as SID6_, student0_.SEMAIL as SEMAIL6_, student0_.SNAME as SNAME6_ from STUDENT student0_
Hibernate: select courses0_.SID as SID6_1_, courses0_.CID as CID1_, course1_.CID as CID5_0_, course1_.CCREDITS as CCREDITS5_0_, course1_.CNAME as CNAME5_0_, course1_.CTIME as CTIME5_0_, course1_.CWEEKNAME as CWEEKNAME5_0_ from COURSE_REG courses0_ inner join COURSE course1_ on courses0_.CID=course1_.CID where courses0_.SID=?
Hibernate: select course0_.CID as CID5_, course0_.CCREDITS as CCREDITS5_, course0_.CNAME as CNAME5_, course0_.CTIME as CTIME5_, course0_.CWEEKNAME as CWEEKNAME5_ from COURSE course0_
Hibernate: select students0_.CID as CID5_1_, students0_.SID as SID1_, student1_.SID as SID6_0_, student1_.SEMAIL as SEMAIL6_0_, student1_.SNAME as SNAME6_0_ from COURSE_REG students0_ inner join STUDENT student1_ on students0_.SID=student1_.SID where students0_.CID=?
]]></system-out>
  <system-err><![CDATA[[Test worker] INFO org.springframework.test.context.support.DefaultTestContextBootstrapper - Loaded default TestExecutionListener class names from location [META-INF/spring.factories]: [org.springframework.test.context.web.ServletTestExecutionListener, org.springframework.test.context.support.DependencyInjectionTestExecutionListener, org.springframework.test.context.support.DirtiesContextTestExecutionListener, org.springframework.test.context.transaction.TransactionalTestExecutionListener, org.springframework.test.context.jdbc.SqlScriptsTestExecutionListener]
[Test worker] INFO org.springframework.test.context.support.DefaultTestContextBootstrapper - Using TestExecutionListeners: [org.springframework.test.context.web.ServletTestExecutionListener@53c9304f, org.springframework.test.context.support.DependencyInjectionTestExecutionListener@40e6e793, org.springframework.test.context.support.DirtiesContextTestExecutionListener@750f325c, org.springframework.test.context.transaction.TransactionalTestExecutionListener@74869a3f, org.springframework.test.context.jdbc.SqlScriptsTestExecutionListener@6ed797a8]
[Test worker] INFO org.springframework.test.context.transaction.TransactionContext - Began transaction (1) for test context [DefaultTestContext@15eb632f testClass = CommonTest, testInstance = com.rk.student.dao.CommonTest@55fc54cf, testMethod = test@CommonTest, testException = [null], mergedContextConfiguration = [MergedContextConfiguration@744e30f testClass = CommonTest, locations = '{classpath:spring-module.xml}', classes = '{}', contextInitializerClasses = '[]', activeProfiles = '{}', propertySourceLocations = '{}', propertySourceProperties = '{}', contextLoader = 'org.springframework.test.context.support.DelegatingSmartContextLoader', parent = [null]]]; transaction manager [org.springframework.orm.hibernate3.HibernateTransactionManager@9840b83]; rollback [true]
[Test worker] INFO org.springframework.test.context.transaction.TransactionContext - Rolled back transaction for test context [DefaultTestContext@15eb632f testClass = CommonTest, testInstance = com.rk.student.dao.CommonTest@55fc54cf, testMethod = test@CommonTest, testException = [null], mergedContextConfiguration = [MergedContextConfiguration@744e30f testClass = CommonTest, locations = '{classpath:spring-module.xml}', classes = '{}', contextInitializerClasses = '[]', activeProfiles = '{}', propertySourceLocations = '{}', propertySourceProperties = '{}', contextLoader = 'org.springframework.test.context.support.DelegatingSmartContextLoader', parent = [null]]].
]]></system-err>
</testsuite>
